Performing C SOURCE FILE Test CMAKE_HAVE_LIBC_PTHREAD failed with the following output:
Change Dir: /home/mcww1g22/openSBLI/opensbli-cpc_release/apps/katzer_SBLI_test/build/CMakeFiles/CMakeTmp

Run Build Command(s):/usr/bin/gmake -f Makefile cmTC_4d6aa/fast && /usr/bin/gmake  -f CMakeFiles/cmTC_4d6aa.dir/build.make CMakeFiles/cmTC_4d6aa.dir/build
gmake[1]: Entering directory `/mainfs/home/mcww1g22/openSBLI/opensbli-cpc_release/apps/katzer_SBLI_test/build/CMakeFiles/CMakeTmp'
Building C object CMakeFiles/cmTC_4d6aa.dir/src.c.o
/local/software/gcc/6.4.0/bin/gcc -DCMAKE_HAVE_LIBC_PTHREAD  -fPIC -Wall  -std=gnu99 -o CMakeFiles/cmTC_4d6aa.dir/src.c.o -c /home/mcww1g22/openSBLI/opensbli-cpc_release/apps/katzer_SBLI_test/build/CMakeFiles/CMakeTmp/src.c
Linking C executable cmTC_4d6aa
/mainfs/local/software/cmake/3.24.1/install/bin/cmake -E cmake_link_script CMakeFiles/cmTC_4d6aa.dir/link.txt --verbose=1
/local/software/gcc/6.4.0/bin/gcc -fPIC -Wall  CMakeFiles/cmTC_4d6aa.dir/src.c.o -o cmTC_4d6aa 
CMakeFiles/cmTC_4d6aa.dir/src.c.o: In function `main':
src.c:(.text+0x2f): undefined reference to `pthread_create'
src.c:(.text+0x3b): undefined reference to `pthread_detach'
src.c:(.text+0x47): undefined reference to `pthread_cancel'
src.c:(.text+0x58): undefined reference to `pthread_join'
src.c:(.text+0x6c): undefined reference to `pthread_atfork'
collect2: error: ld returned 1 exit status
gmake[1]: *** [cmTC_4d6aa] Error 1
gmake[1]: Leaving directory `/mainfs/home/mcww1g22/openSBLI/opensbli-cpc_release/apps/katzer_SBLI_test/build/CMakeFiles/CMakeTmp'
gmake: *** [cmTC_4d6aa/fast] Error 2


Source file was:
#include <pthread.h>

static void* test_func(void* data)
{
  return data;
}

int main(void)
{
  pthread_t thread;
  pthread_create(&thread, NULL, test_func, NULL);
  pthread_detach(thread);
  pthread_cancel(thread);
  pthread_join(thread, NULL);
  pthread_atfork(NULL, NULL, NULL);
  pthread_exit(NULL);

  return 0;
}

Determining if the function pthread_create exists in the pthreads failed with the following output:
Change Dir: /home/mcww1g22/openSBLI/opensbli-cpc_release/apps/katzer_SBLI_test/build/CMakeFiles/CMakeTmp

Run Build Command(s):/usr/bin/gmake -f Makefile cmTC_00835/fast && /usr/bin/gmake  -f CMakeFiles/cmTC_00835.dir/build.make CMakeFiles/cmTC_00835.dir/build
gmake[1]: Entering directory `/mainfs/home/mcww1g22/openSBLI/opensbli-cpc_release/apps/katzer_SBLI_test/build/CMakeFiles/CMakeTmp'
Building C object CMakeFiles/cmTC_00835.dir/CheckFunctionExists.c.o
/local/software/gcc/6.4.0/bin/gcc   -fPIC -Wall -DCHECK_FUNCTION_EXISTS=pthread_create -std=gnu99 -o CMakeFiles/cmTC_00835.dir/CheckFunctionExists.c.o -c /mainfs/local/software/cmake/3.24.1/install/share/cmake-3.24/Modules/CheckFunctionExists.c
Linking C executable cmTC_00835
/mainfs/local/software/cmake/3.24.1/install/bin/cmake -E cmake_link_script CMakeFiles/cmTC_00835.dir/link.txt --verbose=1
/local/software/gcc/6.4.0/bin/gcc -fPIC -Wall -DCHECK_FUNCTION_EXISTS=pthread_create CMakeFiles/cmTC_00835.dir/CheckFunctionExists.c.o -o cmTC_00835  -lpthreads 
/usr/bin/ld: cannot find -lpthreads
collect2: error: ld returned 1 exit status
gmake[1]: *** [cmTC_00835] Error 1
gmake[1]: Leaving directory `/mainfs/home/mcww1g22/openSBLI/opensbli-cpc_release/apps/katzer_SBLI_test/build/CMakeFiles/CMakeTmp'
gmake: *** [cmTC_00835/fast] Error 2



Determining if the CL_VERSION_3_0 exist failed with the following output:
Change Dir: /home/mcww1g22/openSBLI/opensbli-cpc_release/apps/katzer_SBLI_test/build/CMakeFiles/CMakeTmp

Run Build Command(s):/usr/bin/gmake -f Makefile cmTC_392a1/fast && /usr/bin/gmake  -f CMakeFiles/cmTC_392a1.dir/build.make CMakeFiles/cmTC_392a1.dir/build
gmake[1]: Entering directory `/mainfs/home/mcww1g22/openSBLI/opensbli-cpc_release/apps/katzer_SBLI_test/build/CMakeFiles/CMakeTmp'
Building C object CMakeFiles/cmTC_392a1.dir/CheckSymbolExists.c.o
/local/software/gcc/6.4.0/bin/gcc   -fPIC -Wall  -std=gnu99 -o CMakeFiles/cmTC_392a1.dir/CheckSymbolExists.c.o -c /home/mcww1g22/openSBLI/opensbli-cpc_release/apps/katzer_SBLI_test/build/CMakeFiles/CMakeTmp/CheckSymbolExists.c
/home/mcww1g22/openSBLI/opensbli-cpc_release/apps/katzer_SBLI_test/build/CMakeFiles/CMakeTmp/CheckSymbolExists.c: In function 'main':
/home/mcww1g22/openSBLI/opensbli-cpc_release/apps/katzer_SBLI_test/build/CMakeFiles/CMakeTmp/CheckSymbolExists.c:8:19: error: 'CL_VERSION_3_0' undeclared (first use in this function)
   return ((int*)(&CL_VERSION_3_0))[argc];
                   ^~~~~~~~~~~~~~
/home/mcww1g22/openSBLI/opensbli-cpc_release/apps/katzer_SBLI_test/build/CMakeFiles/CMakeTmp/CheckSymbolExists.c:8:19: note: each undeclared identifier is reported only once for each function it appears in
gmake[1]: *** [CMakeFiles/cmTC_392a1.dir/CheckSymbolExists.c.o] Error 1
gmake[1]: Leaving directory `/mainfs/home/mcww1g22/openSBLI/opensbli-cpc_release/apps/katzer_SBLI_test/build/CMakeFiles/CMakeTmp'
gmake: *** [cmTC_392a1/fast] Error 2


File /home/mcww1g22/openSBLI/opensbli-cpc_release/apps/katzer_SBLI_test/build/CMakeFiles/CMakeTmp/CheckSymbolExists.c:
/* */
#include </usr/include/CL/cl.h>

int main(int argc, char** argv)
{
  (void)argv;
#ifndef CL_VERSION_3_0
  return ((int*)(&CL_VERSION_3_0))[argc];
#else
  (void)argc;
  return 0;
#endif
}
Detecting the CUDA native architecture(s) failed with the following output:
  No CUDA devices found.

